# JRE version: OpenJDK Runtime Environment (11.0.2+9) (build 11.0.2+9)
# Java VM: OpenJDK 64-Bit Server VM (11.0.2+9, mixed mode, tiered, compressed oops, g1 gc, windows-amd64)
Heap:
 garbage-first heap   total 157696K, used 39071K [0x0000000080000000, 0x0000000100000000)
  region size 1024K, 21 young (21504K), 5 survivors (5120K)
 Metaspace       used 43201K, capacity 44506K, committed 44720K, reserved 1087488K
  class space    used 5306K, capacity 5831K, committed 5888K, reserved 1048576K
GC Heap History (10 events):
Event: 1.962 GC heap before
{Heap before GC invocations=6 (full 0):
 garbage-first heap   total 131072K, used 31552K [0x0000000080000000, 0x0000000100000000)
  region size 1024K, 25 young (25600K), 2 survivors (2048K)
 Metaspace       used 25260K, capacity 25888K, committed 26032K, reserved 1073152K
  class space    used 3046K, capacity 3320K, committed 3328K, reserved 1048576K
}
Event: 1.967 GC heap after
{Heap after GC invocations=7 (full 0):
 garbage-first heap   total 131072K, used 10255K [0x0000000080000000, 0x0000000100000000)
  region size 1024K, 3 young (3072K), 3 survivors (3072K)
 Metaspace       used 25260K, capacity 25888K, committed 26032K, reserved 1073152K
  class space    used 3046K, capacity 3320K, committed 3328K, reserved 1048576K
}
Event: 2.396 GC heap before
{Heap before GC invocations=7 (full 0):
 garbage-first heap   total 131072K, used 48143K [0x0000000080000000, 0x0000000100000000)
  region size 1024K, 40 young (40960K), 3 survivors (3072K)
 Metaspace       used 27728K, capacity 28473K, committed 28720K, reserved 1075200K
  class space    used 3367K, capacity 3647K, committed 3712K, reserved 1048576K
}
Event: 2.404 GC heap after
{Heap after GC invocations=8 (full 0):
 garbage-first heap   total 157696K, used 12642K [0x0000000080000000, 0x0000000100000000)
  region size 1024K, 5 young (5120K), 5 survivors (5120K)
 Metaspace       used 27728K, capacity 28473K, committed 28720K, reserved 1075200K
  class space    used 3367K, capacity 3647K, committed 3712K, reserved 1048576K
}
Event: 3.103 GC heap before
{Heap before GC invocations=8 (full 0):
 garbage-first heap   total 157696K, used 68962K [0x0000000080000000, 0x0000000100000000)
  region size 1024K, 60 young (61440K), 5 survivors (5120K)
 Metaspace       used 34139K, capacity 35122K, committed 35248K, reserved 1079296K
  class space    used 4197K, capacity 4574K, committed 4608K, reserved 1048576K
}
Event: 3.115 GC heap after
{Heap after GC invocations=9 (full 0):
 garbage-first heap   total 157696K, used 19091K [0x0000000080000000, 0x0000000100000000)
  region size 1024K, 8 young (8192K), 8 survivors (8192K)
 Metaspace       used 34139K, capacity 35122K, committed 35248K, reserved 1079296K
  class space    used 4197K, capacity 4574K, committed 4608K, reserved 1048576K
}
Event: 3.221 GC heap before
{Heap before GC invocations=9 (full 0):
 garbage-first heap   total 157696K, used 28307K [0x0000000080000000, 0x0000000100000000)
  region size 1024K, 19 young (19456K), 8 survivors (8192K)
 Metaspace       used 34794K, capacity 35814K, committed 35888K, reserved 1081344K
  class space    used 4271K, capacity 4677K, committed 4736K, reserved 1048576K
}
Event: 3.238 GC heap after
{Heap after GC invocations=10 (full 0):
 garbage-first heap   total 157696K, used 20161K [0x0000000080000000, 0x0000000100000000)
  region size 1024K, 7 young (7168K), 7 survivors (7168K)
 Metaspace       used 34794K, capacity 35814K, committed 35888K, reserved 1081344K
  class space    used 4271K, capacity 4677K, committed 4736K, reserved 1048576K
}
Event: 16.131 GC heap before
{Heap before GC invocations=11 (full 0):
 garbage-first heap   total 157696K, used 73409K [0x0000000080000000, 0x0000000100000000)
  region size 1024K, 59 young (60416K), 7 survivors (7168K)
 Metaspace       used 42159K, capacity 43450K, committed 43824K, reserved 1087488K
  class space    used 5159K, capacity 5633K, committed 5760K, reserved 1048576K
}
Event: 16.151 GC heap after
{Heap after GC invocations=12 (full 0):
 garbage-first heap   total 157696K, used 23711K [0x0000000080000000, 0x0000000100000000)
  region size 1024K, 5 young (5120K), 5 survivors (5120K)
 Metaspace       used 42159K, capacity 43450K, committed 43824K, reserved 1087488K
  class space    used 5159K, capacity 5633K, committed 5760K, reserved 1048576K
}

